<?xml version="1.0" encoding="UTF-8"?><testsuite errors="0" failures="0" name="com.bestbuyapi.bestbuyapiinfo.CategoriesCRUDTestWithSteps" skipped="0" tests="4" time="8.75" timestamp="2022-01-09T12:09:58.959Z[Europe/London]"><testcase classname="com.bestbuyapi.bestbuyapiinfo.CategoriesCRUDTestWithSteps" name="This will create new Category"/><testcase classname="com.bestbuyapi.bestbuyapiinfo.CategoriesCRUDTestWithSteps" name="Verify if the Category was created in application"/><testcase classname="com.bestbuyapi.bestbuyapiinfo.CategoriesCRUDTestWithSteps" name="Update Category information and verify the updated information"/><testcase classname="com.bestbuyapi.bestbuyapiinfo.CategoriesCRUDTestWithSteps" name="Delete Category and verify if the Category is deleted"/></testsuite>