<?xml version="1.0" encoding="UTF-8"?><testsuite errors="0" failures="0" name="com.bestbuyapi.bestbuyapiinfo.ProductsCRUDTestWithSteps" skipped="0" tests="4" time="4.51" timestamp="2022-01-09T12:10:11.293Z[Europe/London]"><testcase classname="com.bestbuyapi.bestbuyapiinfo.ProductsCRUDTestWithSteps" name="This will create a new Product"/><testcase classname="com.bestbuyapi.bestbuyapiinfo.ProductsCRUDTestWithSteps" name="Verify that Product was added to the application"/><testcase classname="com.bestbuyapi.bestbuyapiinfo.ProductsCRUDTestWithSteps" name="Update the Product information and verify the updated information"/><testcase classname="com.bestbuyapi.bestbuyapiinfo.ProductsCRUDTestWithSteps" name="Delete the Product and verify if the Product is deleted!"/></testsuite>