<?xml version="1.0" encoding="UTF-8"?><testsuite errors="0" failures="0" name="com.bestbuyapi.bestbuyapiinfo.ServicesCRUDTestWithSteps" skipped="0" tests="4" time="0.59" timestamp="2022-01-09T12:10:15.932Z[Europe/London]"><testcase classname="com.bestbuyapi.bestbuyapiinfo.ServicesCRUDTestWithSteps" name="This will create new Service"/><testcase classname="com.bestbuyapi.bestbuyapiinfo.ServicesCRUDTestWithSteps" name="Verify if the Service was created in application"/><testcase classname="com.bestbuyapi.bestbuyapiinfo.ServicesCRUDTestWithSteps" name="Update Service information and verify the updated information"/><testcase classname="com.bestbuyapi.bestbuyapiinfo.ServicesCRUDTestWithSteps" name="Delete Service and verify if the Service is deleted"/></testsuite>