<?xml version="1.0" encoding="UTF-8"?><testsuite errors="0" failures="0" name="com.bestbuyapi.bestbuyapiinfo.StoresCRUDTestWithSteps" skipped="0" tests="4" time="0.75" timestamp="2022-01-09T12:10:16.648Z[Europe/London]"><testcase classname="com.bestbuyapi.bestbuyapiinfo.StoresCRUDTestWithSteps" name="This will create new store"/><testcase classname="com.bestbuyapi.bestbuyapiinfo.StoresCRUDTestWithSteps" name="Verify if the store was created in application"/><testcase classname="com.bestbuyapi.bestbuyapiinfo.StoresCRUDTestWithSteps" name="Update store information and verify the updated information"/><testcase classname="com.bestbuyapi.bestbuyapiinfo.StoresCRUDTestWithSteps" name="Delete store and verify if the product is deleted"/></testsuite>